2025-07-01 16:02:21,706 - root - INFO - Starting data preprocessing...
2025-07-01 16:02:21,707 - root - INFO - Loading data files...
2025-07-01 16:02:25,132 - root - INFO - Sales shape: (30490, 1919)
2025-07-01 16:02:25,132 - root - INFO - Calendar shape: (1969, 14)
2025-07-01 16:02:25,132 - root - INFO - Prices shape: (6841121, 4)
2025-07-01 16:02:25,133 - root - INFO - Submission shape: (60980, 29)
2025-07-01 16:02:26,068 - root - INFO - Mem. usage decreased to 94.47 Mb (78.8% reduction)
2025-07-01 16:02:26,070 - root - INFO - Mem. usage decreased to 0.12 Mb (41.9% reduction)
2025-07-01 16:02:26,445 - root - INFO - Mem. usage decreased to 143.53 Mb (31.2% reduction)
2025-07-01 16:02:26,466 - root - INFO - Mem. usage decreased to 2.09 Mb (84.5% reduction)
2025-07-01 16:02:26,466 - root - INFO - Encoding categorical variables...
2025-07-01 16:02:28,641 - root - INFO - Reshaping sales data...
2025-07-01 16:03:22,145 - root - INFO - Reshaped data shape: (22288190, 9)
2025-07-01 16:03:22,176 - root - INFO - Merging with calendar data...
2025-07-01 16:03:23,976 - root - INFO - Merging with pricing data...
2025-07-01 16:03:27,956 - root - INFO - Mem. usage decreased to 1254.08 Mb (0.0% reduction)
2025-07-01 16:03:27,957 - root - INFO - Adding demand features...
2025-07-01 16:07:04,647 - root - INFO - Adding price features...
2025-07-01 16:07:42,490 - root - INFO - Adding time features...
2025-07-01 16:07:52,153 - root - INFO - Start date: 2014-05-23 00:00:00
2025-07-01 16:07:52,195 - root - INFO - End date: 2016-05-22 00:00:00
2025-07-01 16:07:52,195 - root - INFO - Final data shape: (22288190, 51)
2025-07-01 16:07:52,195 - root - INFO - Saving processed data to data/processed_data.pkl
2025-07-01 16:07:55,936 - root - INFO - Data preprocessing complete!
